[35m[1mScanning dependencies of target lifecycle_node[0m
[35m[1mScanning dependencies of target simple_oop_node[0m
[35m[1mScanning dependencies of target simple_loop_node[0m
[35m[1mScanning dependencies of target simple_node[0m
[ 10%] [32mBuilding CXX object CMakeFiles/lifecycle_node.dir/src/lifecycle.cpp.o[0m
[ 30%] Built target simple_without_oop_node
[ 40%] [32mBuilding CXX object CMakeFiles/simple_oop_node.dir/src/simple_oop.cpp.o[0m
[ 50%] [32mBuilding CXX object CMakeFiles/simple_node.dir/src/simple.cpp.o[0m
[ 60%] [32mBuilding CXX object CMakeFiles/simple_loop_node.dir/src/simple_loop.cpp.o[0m
[01m[K/home/ubuntu/gcamp_ros2_ws/src/gcamp_ros2_basic/cpp_first_pkg/src/simple_oop.cpp:[m[K In function â€˜[01m[Kint main(int, char**)[m[Kâ€™:
[01m[K/home/ubuntu/gcamp_ros2_ws/src/gcamp_ros2_basic/cpp_first_pkg/src/simple_oop.cpp:44:3:[m[K [01;31m[Kerror: [m[Kâ€˜[01m[Kdsddsdsdsdfdsdfsd[m[Kâ€™ was not declared in this scope
   44 |   [01;31m[Kdsddsdsdsdfdsdfsd[m[K
      |   [01;31m[K^~~~~~~~~~~~~~~~~[m[K
[ 70%] [32m[1mLinking CXX executable simple_node[0m
[ 80%] [32m[1mLinking CXX executable simple_loop_node[0m
make[2]: *** [CMakeFiles/simple_oop_node.dir/build.make:63: CMakeFiles/simple_oop_node.dir/src/simple_oop.cpp.o] Error 1
make[1]: *** [CMakeFiles/Makefile2:140: CMakeFiles/simple_oop_node.dir/all] Error 2
make[1]: *** Waiting for unfinished jobs....
[ 80%] Built target simple_loop_node
[ 80%] Built target simple_node
[ 90%] [32m[1mLinking CXX executable lifecycle_node[0m
[ 90%] Built target lifecycle_node
make: *** [Makefile:141: all] Error 2
