[0.046s] Invoking command in '/home/ubuntu/gcamp_ros2_ws/build/cpp_first_pkg': CMAKE_PREFIX_PATH=${CMAKE_PREFIX_PATH}:/home/ubuntu/gcamp_ros2_ws/install/py_topic_pkg:/home/ubuntu/gcamp_ros2_ws/install/py_service_pkg:/home/ubuntu/gcamp_ros2_ws/install/py_first_pkg:/home/ubuntu/gcamp_ros2_ws/install/py_action_pkg:/opt/ros/foxy /usr/bin/cmake --build /home/ubuntu/gcamp_ros2_ws/build/cpp_first_pkg -- -j6 -l6
[0.158s] [35m[1mScanning dependencies of target lifecycle_node[0m
[0.168s] [35m[1mScanning dependencies of target simple_oop_node[0m
[0.175s] [35m[1mScanning dependencies of target simple_loop_node[0m
[0.179s] [35m[1mScanning dependencies of target simple_node[0m
[0.268s] [ 10%] [32mBuilding CXX object CMakeFiles/lifecycle_node.dir/src/lifecycle.cpp.o[0m
[0.286s] [ 30%] Built target simple_without_oop_node
[0.319s] [ 40%] [32mBuilding CXX object CMakeFiles/simple_oop_node.dir/src/simple_oop.cpp.o[0m
[0.337s] [ 50%] [32mBuilding CXX object CMakeFiles/simple_node.dir/src/simple.cpp.o[0m
[0.361s] [ 60%] [32mBuilding CXX object CMakeFiles/simple_loop_node.dir/src/simple_loop.cpp.o[0m
[6.312s] [01m[K/home/ubuntu/gcamp_ros2_ws/src/gcamp_ros2_basic/cpp_first_pkg/src/simple_oop.cpp:[m[K In function â€˜[01m[Kint main(int, char**)[m[Kâ€™:
[6.313s] [01m[K/home/ubuntu/gcamp_ros2_ws/src/gcamp_ros2_basic/cpp_first_pkg/src/simple_oop.cpp:44:3:[m[K [01;31m[Kerror: [m[Kâ€˜[01m[Kdsddsdsdsdfdsdfsd[m[Kâ€™ was not declared in this scope
[6.313s]    44 |   [01;31m[Kdsddsdsdsdfdsdfsd[m[K
[6.313s]       |   [01;31m[K^~~~~~~~~~~~~~~~~[m[K
[7.323s] [ 70%] [32m[1mLinking CXX executable simple_node[0m
[7.335s] [ 80%] [32m[1mLinking CXX executable simple_loop_node[0m
[7.877s] make[2]: *** [CMakeFiles/simple_oop_node.dir/build.make:63: CMakeFiles/simple_oop_node.dir/src/simple_oop.cpp.o] Error 1
[7.878s] make[1]: *** [CMakeFiles/Makefile2:140: CMakeFiles/simple_oop_node.dir/all] Error 2
[7.879s] make[1]: *** Waiting for unfinished jobs....
[7.898s] [ 80%] Built target simple_loop_node
[7.910s] [ 80%] Built target simple_node
[8.371s] [ 90%] [32m[1mLinking CXX executable lifecycle_node[0m
[8.750s] [ 90%] Built target lifecycle_node
[8.752s] make: *** [Makefile:141: all] Error 2
[8.759s] Invoked command in '/home/ubuntu/gcamp_ros2_ws/build/cpp_first_pkg' returned '2': CMAKE_PREFIX_PATH=${CMAKE_PREFIX_PATH}:/home/ubuntu/gcamp_ros2_ws/install/py_topic_pkg:/home/ubuntu/gcamp_ros2_ws/install/py_service_pkg:/home/ubuntu/gcamp_ros2_ws/install/py_first_pkg:/home/ubuntu/gcamp_ros2_ws/install/py_action_pkg:/opt/ros/foxy /usr/bin/cmake --build /home/ubuntu/gcamp_ros2_ws/build/cpp_first_pkg -- -j6 -l6
